#Start(1727423206522)

  We've found a bug for you!
  /Users/sovannarahem/Desktop/Projects/workspace-next/packages/ui-kit/src/components/ui-tmp/Carousel/Carousel.res

  I/O error: /Users/sovannarahem/Desktop/Projects/workspace-next/packages/ui-kit/src/components/ui-tmp/Carousel/Carousel.res: No such file or directory


  We've found a bug for you!
  /Users/sovannarahem/Desktop/Projects/workspace-next/packages/ui-kit/src/components/ui-tmp/AspectRadio/AspectRadio.res

  I/O error: /Users/sovannarahem/Desktop/Projects/workspace-next/packages/ui-kit/src/components/ui-tmp/AspectRadio/AspectRadio.res: No such file or directory


  We've found a bug for you!
  /Users/sovannarahem/Desktop/Projects/workspace-next/packages/ui-kit/src/components/ui-tmp/Calendar/Calendar.res

  I/O error: /Users/sovannarahem/Desktop/Projects/workspace-next/packages/ui-kit/src/components/ui-tmp/Calendar/Calendar.res: No such file or directory


  We've found a bug for you!
  /Users/sovannarahem/Desktop/Projects/workspace-next/packages/ui-kit/src/components/ui-tmp/Avatar/Avatar.res

  I/O error: /Users/sovannarahem/Desktop/Projects/workspace-next/packages/ui-kit/src/components/ui-tmp/Avatar/Avatar.res: No such file or directory


  We've found a bug for you!
  /Users/sovannarahem/Desktop/Projects/workspace-next/packages/ui-kit/src/components/ui-tmp/Accordion/Accordion.res

  I/O error: /Users/sovannarahem/Desktop/Projects/workspace-next/packages/ui-kit/src/components/ui-tmp/Accordion/Accordion.res: No such file or directory


  We've found a bug for you!
  /Users/sovannarahem/Desktop/Projects/workspace-next/packages/ui-kit/src/components/ui-tmp/Badge/Badge.res

  I/O error: /Users/sovannarahem/Desktop/Projects/workspace-next/packages/ui-kit/src/components/ui-tmp/Badge/Badge.res: No such file or directory


  We've found a bug for you!
  /Users/sovannarahem/Desktop/Projects/workspace-next/packages/ui-kit/src/components/ui-tmp/Button/Button.res

  I/O error: /Users/sovannarahem/Desktop/Projects/workspace-next/packages/ui-kit/src/components/ui-tmp/Button/Button.res: No such file or directory


  We've found a bug for you!
  /Users/sovannarahem/Desktop/Projects/workspace-next/packages/ui-kit/src/components/ui-tmp/AlertDialog/AlertDialog.res

  I/O error: /Users/sovannarahem/Desktop/Projects/workspace-next/packages/ui-kit/src/components/ui-tmp/AlertDialog/AlertDialog.res: No such file or directory


  We've found a bug for you!
  /Users/sovannarahem/Desktop/Projects/workspace-next/packages/ui-kit/src/components/ui-tmp/Alert/Alert.res

  I/O error: /Users/sovannarahem/Desktop/Projects/workspace-next/packages/ui-kit/src/components/ui-tmp/Alert/Alert.res: No such file or directory


  We've found a bug for you!
  /Users/sovannarahem/Desktop/Projects/workspace-next/packages/ui-kit/src/components/ui-tmp/Card/Card.res

  I/O error: /Users/sovannarahem/Desktop/Projects/workspace-next/packages/ui-kit/src/components/ui-tmp/Card/Card.res: No such file or directory


  We've found a bug for you!
  /Users/sovannarahem/Desktop/Projects/workspace-next/packages/ui-kit/src/components/ui-tmp/Breadcrumb/Breadcrumb.res

  I/O error: /Users/sovannarahem/Desktop/Projects/workspace-next/packages/ui-kit/src/components/ui-tmp/Breadcrumb/Breadcrumb.res: No such file or directory

FAILED: subcommands failed.
#Done(1727423206583)
